<?xml version="1.0" encoding="UTF-8"?>
<testng-results skipped="0" failed="0" total="1" passed="1">
  <reporter-output>
  </reporter-output>
  <suite name="Default suite" duration-ms="11688" started-at="2019-07-22T02:18:17Z" finished-at="2019-07-22T02:18:29Z">
    <groups>
    </groups>
    <test name="Default test" duration-ms="11688" started-at="2019-07-22T02:18:17Z" finished-at="2019-07-22T02:18:29Z">
      <class name="com.qa.hubspot.allMyTest.loginPageTest">
        <test-method status="PASS" signature="setup()[pri:0, instance:com.qa.hubspot.allMyTest.loginPageTest@2752f6e2]" name="setup" is-config="true" duration-ms="10644" started-at="2019-07-21T20:18:17Z" finished-at="2019-07-21T20:18:28Z">
          <reporter-output>
          </reporter-output>
        </test-method> <!-- setup -->
        <test-method status="PASS" signature="verifyLoginPageTitle()[pri:1, instance:com.qa.hubspot.allMyTest.loginPageTest@2752f6e2]" name="verifyLoginPageTitle" duration-ms="16" started-at="2019-07-21T20:18:28Z" finished-at="2019-07-21T20:18:28Z">
          <reporter-output>
          </reporter-output>
        </test-method> <!-- verifyLoginPageTitle -->
        <test-method status="PASS" signature="tearDown()[pri:0, instance:com.qa.hubspot.allMyTest.loginPageTest@2752f6e2]" name="tearDown" is-config="true" duration-ms="670" started-at="2019-07-21T20:18:28Z" finished-at="2019-07-21T20:18:29Z">
          <reporter-output>
          </reporter-output>
        </test-method> <!-- tearDown -->
      </class> <!-- com.qa.hubspot.allMyTest.loginPageTest -->
    </test> <!-- Default test -->
  </suite> <!-- Default suite -->
</testng-results>
