<?xml version="1.0" encoding="UTF-8"?>
<!-- Generated by org.testng.reporters.JUnitXMLReporter -->
<testsuite hostname="DESKTOP-KFSKP86" name="Hub Spot sanity Tests" tests="2" failures="2" timestamp="22 Jul 2019 02:14:32 GMT" time="10.898" errors="0">
  <testcase name="verifyLoginPageTitle" time="0.007" classname="com.qa.hubspot.allMyTest.loginPageTest">
    <failure type="java.lang.NoSuchMethodError" message="org.testng.ITestNGMethod.getQualifiedName()Ljava/lang/String;">
      <![CDATA[java.lang.NoSuchMethodError: org.testng.ITestNGMethod.getQualifiedName()Ljava/lang/String;
	at com.qa.hubspot.listeners.ExtentReportListener.onTestStart(ExtentReportListener.java:68)
... Removed 21 stack frames]]>
    </failure>
  </testcase> <!-- verifyLoginPageTitle -->
  <testcase name="verifyLoginPageTitle" time="10.661" classname="com.qa.hubspot.allMyTest.loginPageTest">
    <failure type="java.lang.Error" message="Unresolved compilation problem: 
	The method getScreenshot() is undefined for the type ExtentReportListener
">
      <![CDATA[java.lang.Error: Unresolved compilation problem: 
	The method getScreenshot() is undefined for the type ExtentReportListener

	at com.qa.hubspot.listeners.ExtentReportListener.onTestFailure(ExtentReportListener.java:97)
... Removed 21 stack frames]]>
    </failure>
  </testcase> <!-- verifyLoginPageTitle -->
</testsuite> <!-- Hub Spot sanity Tests -->
